<?xml version="1.0" encoding="UTF-8"?>
<!-- Generated by org.testng.reporters.JUnitReportReporter -->
<testsuite hostname="DESKTOP-E4BMV6L" failures="0" tests="1" name="assignment.asd1" time="14.193" errors="0" timestamp="2023-01-25T19:45:10 BDT" skipped="0">
  <testcase classname="assignment.asd1" name="firstTest" time="14.193"/>
  <system-out/>
</testsuite> <!-- assignment.asd1 -->
