<?xml version="1.0" encoding="UTF-8"?>
<!-- Generated by org.testng.reporters.JUnitReportReporter -->
<testsuite hostname="DESKTOP-E4BMV6L" failures="0" tests="1" name="assignment.cart" time="38.285" errors="0" timestamp="2023-01-25T19:52:42 BDT" skipped="0">
  <testcase classname="assignment.cart" name="firstTest" time="38.285"/>
  <system-out/>
</testsuite> <!-- assignment.cart -->
