<?xml version="1.0" encoding="UTF-8"?>
<!-- Generated by org.testng.reporters.JUnitReportReporter -->
<testsuite hostname="DESKTOP-E4BMV6L" failures="0" tests="1" name="assignment.abc" time="19.317" errors="0" timestamp="2023-01-21T16:18:55 BDT" skipped="0">
  <testcase classname="assignment.abc" name="abc" time="19.317"/>
  <system-out/>
</testsuite> <!-- assignment.abc -->
