<?xml version="1.0" encoding="UTF-8"?>
<!-- Generated by org.testng.reporters.JUnitReportReporter -->
<testsuite hostname="DESKTOP-E4BMV6L" failures="0" tests="1" name="rokomari.classrokomari" time="14.502" errors="0" timestamp="2023-01-18T19:02:18 BDT" skipped="0">
  <testcase classname="rokomari.classrokomari" name="firstTest" time="14.502"/>
  <system-out/>
</testsuite> <!-- rokomari.classrokomari -->
