<?xml version="1.0" encoding="UTF-8"?>
<!-- Generated by org.testng.reporters.JUnitReportReporter -->
<testsuite hostname="DESKTOP-E4BMV6L" failures="0" tests="1" name="assignment.emptyPass" time="20.336" errors="0" timestamp="2023-01-22T21:11:43 BDT" skipped="0">
  <testcase classname="assignment.emptyPass" name="firstTest" time="20.336"/>
  <system-out/>
</testsuite> <!-- assignment.emptyPass -->
