<?xml version="1.0" encoding="UTF-8"?>
<!-- Generated by org.testng.reporters.JUnitReportReporter -->
<testsuite hostname="DESKTOP-E4BMV6L" failures="0" tests="1" name="assignment.asd" time="20.387" errors="0" timestamp="2023-01-22T18:18:28 BDT" skipped="0">
  <testcase classname="assignment.asd" name="firstTest" time="20.387"/>
  <system-out/>
</testsuite> <!-- assignment.asd -->
