<?xml version="1.0" encoding="UTF-8"?>
<!-- Generated by org.testng.reporters.JUnitReportReporter -->
<testsuite hostname="DESKTOP-E4BMV6L" failures="0" tests="1" name="assignment.login" time="23.928" errors="0" timestamp="2023-01-22T21:08:37 BDT" skipped="0">
  <testcase classname="assignment.login" name="firstTest" time="23.928"/>
  <system-out/>
</testsuite> <!-- assignment.login -->
