<?xml version="1.0" encoding="UTF-8"?>
<!-- Generated by org.testng.reporters.JUnitReportReporter -->
<testsuite hostname="DESKTOP-E4BMV6L" failures="0" tests="1" name="rokomari.demo" time="21.651" errors="0" timestamp="2023-01-12T10:42:59 BDT" skipped="0">
  <testcase classname="rokomari.demo" name="firstTest" time="21.651"/>
  <system-out/>
</testsuite> <!-- rokomari.demo -->
