<?xml version="1.0" encoding="UTF-8"?>
<!-- Generated by org.testng.reporters.JUnitReportReporter -->
<testsuite hostname="DESKTOP-E4BMV6L" failures="0" tests="1" name="assignment.Empty" time="21.547" errors="0" timestamp="2023-01-22T18:19:49 BDT" skipped="0">
  <testcase classname="assignment.Empty" name="firstTest" time="21.547"/>
  <system-out/>
</testsuite> <!-- assignment.Empty -->
