<?xml version="1.0" encoding="UTF-8"?>
<!-- Generated by org.testng.reporters.JUnitReportReporter -->
<testsuite hostname="DESKTOP-E4BMV6L" failures="0" tests="1" name="mvnproject.myfirsttest" time="53.761" errors="0" timestamp="2023-01-06T04:23:02 BDT" skipped="0">
  <testcase classname="mvnproject.myfirsttest" name="firstTest" time="53.761"/>
  <system-out/>
</testsuite> <!-- mvnproject.myfirsttest -->
