<?xml version="1.0" encoding="UTF-8"?>
<!-- Generated by org.testng.reporters.JUnitReportReporter -->
<testsuite hostname="DESKTOP-E4BMV6L" failures="0" tests="1" name="assignment.invalid" time="14.681" errors="0" timestamp="2023-01-22T21:10:41 BDT" skipped="0">
  <testcase classname="assignment.invalid" name="firstTest" time="14.681"/>
  <system-out/>
</testsuite> <!-- assignment.invalid -->
